<?xml version="1.0" encoding="UTF-8"?>
<!-- Generated by org.testng.reporters.JUnitReportReporter -->
<testsuite hostname="DESKTOP-AGOQQT3" failures="0" tests="21" name="Origin.AFMC.Login" time="40.089" errors="0" timestamp="2024-05-06T17:28:52 IST" skipped="0">
  <testcase classname="Origin.AFMC.Login" name="launch" time="1.716"/>
  <system-out/>
  <testcase classname="Origin.AFMC.Login" name="launch" time="5.423"/>
  <system-out/>
  <testcase classname="Origin.AFMC.Login" name="launch" time="1.728"/>
  <system-out/>
  <testcase classname="Origin.AFMC.Login" name="launch" time="1.597"/>
  <system-out/>
  <testcase classname="Origin.AFMC.Login" name="launch" time="1.748"/>
  <system-out/>
  <testcase classname="Origin.AFMC.Login" name="launch" time="1.686"/>
  <system-out/>
  <testcase classname="Origin.AFMC.Login" name="launch" time="1.660"/>
  <system-out/>
  <testcase classname="Origin.AFMC.Login" name="launch" time="1.872"/>
  <system-out/>
  <testcase classname="Origin.AFMC.Login" name="launch" time="1.711"/>
  <system-out/>
  <testcase classname="Origin.AFMC.Login" name="launch" time="1.678"/>
  <system-out/>
  <testcase classname="Origin.AFMC.Login" name="launch" time="2.215"/>
  <system-out/>
  <testcase classname="Origin.AFMC.Login" name="launch" time="1.646"/>
  <system-out/>
  <testcase classname="Origin.AFMC.Login" name="launch" time="1.663"/>
  <system-out/>
  <testcase classname="Origin.AFMC.Login" name="launch" time="1.752"/>
  <system-out/>
  <testcase classname="Origin.AFMC.Login" name="launch" time="1.666"/>
  <system-out/>
  <testcase classname="Origin.AFMC.Login" name="launch" time="1.663"/>
  <system-out/>
  <testcase classname="Origin.AFMC.Login" name="launch" time="1.746"/>
  <system-out/>
  <testcase classname="Origin.AFMC.Login" name="launch" time="1.744"/>
  <system-out/>
  <testcase classname="Origin.AFMC.Login" name="launch" time="1.675"/>
  <system-out/>
  <testcase classname="Origin.AFMC.Login" name="launch" time="1.774"/>
  <system-out/>
  <testcase classname="Origin.AFMC.Login" name="launch" time="1.726"/>
  <system-out/>
</testsuite> <!-- Origin.AFMC.Login -->
