<?xml version="1.0" encoding="UTF-8"?>
<!-- Generated by org.testng.reporters.JUnitReportReporter -->
<testsuite hostname="DESKTOP-AGOQQT3" failures="0" tests="44" name="Origin.AFMC.Login" time="104.521" errors="0" timestamp="2024-06-08T21:22:15 IST" skipped="0">
  <testcase classname="Origin.AFMC.Login" name="launch" time="2.221"/>
  <system-out/>
  <testcase classname="Origin.AFMC.Login" name="launch" time="2.041"/>
  <system-out/>
  <testcase classname="Origin.AFMC.Login" name="launch" time="2.146"/>
  <system-out/>
  <testcase classname="Origin.AFMC.Login" name="launch" time="1.861"/>
  <system-out/>
  <testcase classname="Origin.AFMC.Login" name="launch" time="2.352"/>
  <system-out/>
  <testcase classname="Origin.AFMC.Login" name="launch" time="3.293"/>
  <system-out/>
  <testcase classname="Origin.AFMC.Login" name="launch" time="2.463"/>
  <system-out/>
  <testcase classname="Origin.AFMC.Login" name="launch" time="2.362"/>
  <system-out/>
  <testcase classname="Origin.AFMC.Login" name="launch" time="1.973"/>
  <system-out/>
  <testcase classname="Origin.AFMC.Login" name="launch" time="2.091"/>
  <system-out/>
  <testcase classname="Origin.AFMC.Login" name="launch" time="2.129"/>
  <system-out/>
  <testcase classname="Origin.AFMC.Login" name="launch" time="2.219"/>
  <system-out/>
  <testcase classname="Origin.AFMC.Login" name="launch" time="1.891"/>
  <system-out/>
  <testcase classname="Origin.AFMC.Login" name="launch" time="2.590"/>
  <system-out/>
  <testcase classname="Origin.AFMC.Login" name="launch" time="2.986"/>
  <system-out/>
  <testcase classname="Origin.AFMC.Login" name="launch" time="1.791"/>
  <system-out/>
  <testcase classname="Origin.AFMC.Login" name="launch" time="2.243"/>
  <system-out/>
  <testcase classname="Origin.AFMC.Login" name="launch" time="4.389"/>
  <system-out/>
  <testcase classname="Origin.AFMC.Login" name="launch" time="2.778"/>
  <system-out/>
  <testcase classname="Origin.AFMC.Login" name="launch" time="2.172"/>
  <system-out/>
  <testcase classname="Origin.AFMC.Login" name="launch" time="2.028"/>
  <system-out/>
  <testcase classname="Origin.AFMC.Login" name="launch" time="2.269"/>
  <system-out/>
  <testcase classname="Origin.AFMC.Login" name="launch" time="2.183"/>
  <system-out/>
  <testcase classname="Origin.AFMC.Login" name="launch" time="2.231"/>
  <system-out/>
  <testcase classname="Origin.AFMC.Login" name="launch" time="2.142"/>
  <system-out/>
  <testcase classname="Origin.AFMC.Login" name="launch" time="2.379"/>
  <system-out/>
  <testcase classname="Origin.AFMC.Login" name="launch" time="2.284"/>
  <system-out/>
  <testcase classname="Origin.AFMC.Login" name="launch" time="2.075"/>
  <system-out/>
  <testcase classname="Origin.AFMC.Login" name="launch" time="2.369"/>
  <system-out/>
  <testcase classname="Origin.AFMC.Login" name="launch" time="2.357"/>
  <system-out/>
  <testcase classname="Origin.AFMC.Login" name="launch" time="2.853"/>
  <system-out/>
  <testcase classname="Origin.AFMC.Login" name="launch" time="2.129"/>
  <system-out/>
  <testcase classname="Origin.AFMC.Login" name="launch" time="2.176"/>
  <system-out/>
  <testcase classname="Origin.AFMC.Login" name="launch" time="2.123"/>
  <system-out/>
  <testcase classname="Origin.AFMC.Login" name="launch" time="2.291"/>
  <system-out/>
  <testcase classname="Origin.AFMC.Login" name="launch" time="2.824"/>
  <system-out/>
  <testcase classname="Origin.AFMC.Login" name="launch" time="2.164"/>
  <system-out/>
  <testcase classname="Origin.AFMC.Login" name="launch" time="2.596"/>
  <system-out/>
  <testcase classname="Origin.AFMC.Login" name="launch" time="2.280"/>
  <system-out/>
  <testcase classname="Origin.AFMC.Login" name="launch" time="1.947"/>
  <system-out/>
  <testcase classname="Origin.AFMC.Login" name="launch" time="2.064"/>
  <system-out/>
  <testcase classname="Origin.AFMC.Login" name="launch" time="2.139"/>
  <system-out/>
  <testcase classname="Origin.AFMC.Login" name="launch" time="2.754"/>
  <system-out/>
  <testcase classname="Origin.AFMC.Login" name="launch" time="3.873"/>
  <system-out/>
</testsuite> <!-- Origin.AFMC.Login -->
