<?xml version="1.0" encoding="UTF-8"?>
<!-- Generated by org.testng.reporters.JUnitReportReporter -->
<testsuite hostname="DESKTOP-AGOQQT3" failures="0" tests="32" name="Origin.AFMC.Login" time="59.755" errors="0" timestamp="2024-05-31T14:04:41 IST" skipped="0">
  <testcase classname="Origin.AFMC.Login" name="launch" time="2.460"/>
  <system-out/>
  <testcase classname="Origin.AFMC.Login" name="launch" time="1.729"/>
  <system-out/>
  <testcase classname="Origin.AFMC.Login" name="launch" time="1.737"/>
  <system-out/>
  <testcase classname="Origin.AFMC.Login" name="launch" time="1.736"/>
  <system-out/>
  <testcase classname="Origin.AFMC.Login" name="launch" time="1.537"/>
  <system-out/>
  <testcase classname="Origin.AFMC.Login" name="launch" time="5.609"/>
  <system-out/>
  <testcase classname="Origin.AFMC.Login" name="launch" time="1.649"/>
  <system-out/>
  <testcase classname="Origin.AFMC.Login" name="launch" time="2.262"/>
  <system-out/>
  <testcase classname="Origin.AFMC.Login" name="launch" time="1.814"/>
  <system-out/>
  <testcase classname="Origin.AFMC.Login" name="launch" time="1.620"/>
  <system-out/>
  <testcase classname="Origin.AFMC.Login" name="launch" time="2.499"/>
  <system-out/>
  <testcase classname="Origin.AFMC.Login" name="launch" time="1.746"/>
  <system-out/>
  <testcase classname="Origin.AFMC.Login" name="launch" time="1.666"/>
  <system-out/>
  <testcase classname="Origin.AFMC.Login" name="launch" time="1.612"/>
  <system-out/>
  <testcase classname="Origin.AFMC.Login" name="launch" time="1.702"/>
  <system-out/>
  <testcase classname="Origin.AFMC.Login" name="launch" time="1.712"/>
  <system-out/>
  <testcase classname="Origin.AFMC.Login" name="launch" time="1.657"/>
  <system-out/>
  <testcase classname="Origin.AFMC.Login" name="launch" time="1.672"/>
  <system-out/>
  <testcase classname="Origin.AFMC.Login" name="launch" time="1.633"/>
  <system-out/>
  <testcase classname="Origin.AFMC.Login" name="launch" time="1.747"/>
  <system-out/>
  <testcase classname="Origin.AFMC.Login" name="launch" time="1.698"/>
  <system-out/>
  <testcase classname="Origin.AFMC.Login" name="launch" time="1.758"/>
  <system-out/>
  <testcase classname="Origin.AFMC.Login" name="launch" time="1.627"/>
  <system-out/>
  <testcase classname="Origin.AFMC.Login" name="launch" time="1.674"/>
  <system-out/>
  <testcase classname="Origin.AFMC.Login" name="launch" time="1.637"/>
  <system-out/>
  <testcase classname="Origin.AFMC.Login" name="launch" time="1.734"/>
  <system-out/>
  <testcase classname="Origin.AFMC.Login" name="launch" time="1.573"/>
  <system-out/>
  <testcase classname="Origin.AFMC.Login" name="launch" time="1.640"/>
  <system-out/>
  <testcase classname="Origin.AFMC.Login" name="launch" time="1.629"/>
  <system-out/>
  <testcase classname="Origin.AFMC.Login" name="launch" time="1.617"/>
  <system-out/>
  <testcase classname="Origin.AFMC.Login" name="launch" time="1.673"/>
  <system-out/>
  <testcase classname="Origin.AFMC.Login" name="launch" time="1.696"/>
  <system-out/>
</testsuite> <!-- Origin.AFMC.Login -->
