<?xml version="1.0" encoding="UTF-8"?>
<!-- Generated by org.testng.reporters.JUnitReportReporter -->
<testsuite hostname="DESKTOP-AGOQQT3" failures="0" tests="16" name="Origin.AFMC.Login" time="33.031" errors="0" timestamp="2024-04-30T10:40:35 IST" skipped="0">
  <testcase classname="Origin.AFMC.Login" name="launch" time="1.687"/>
  <system-out/>
  <testcase classname="Origin.AFMC.Login" name="launch" time="1.656"/>
  <system-out/>
  <testcase classname="Origin.AFMC.Login" name="launch" time="1.619"/>
  <system-out/>
  <testcase classname="Origin.AFMC.Login" name="launch" time="1.667"/>
  <system-out/>
  <testcase classname="Origin.AFMC.Login" name="launch" time="1.688"/>
  <system-out/>
  <testcase classname="Origin.AFMC.Login" name="launch" time="7.761"/>
  <system-out/>
  <testcase classname="Origin.AFMC.Login" name="launch" time="1.647"/>
  <system-out/>
  <testcase classname="Origin.AFMC.Login" name="launch" time="1.604"/>
  <system-out/>
  <testcase classname="Origin.AFMC.Login" name="launch" time="1.711"/>
  <system-out/>
  <testcase classname="Origin.AFMC.Login" name="launch" time="1.757"/>
  <system-out/>
  <testcase classname="Origin.AFMC.Login" name="launch" time="1.663"/>
  <system-out/>
  <testcase classname="Origin.AFMC.Login" name="launch" time="1.716"/>
  <system-out/>
  <testcase classname="Origin.AFMC.Login" name="launch" time="1.686"/>
  <system-out/>
  <testcase classname="Origin.AFMC.Login" name="launch" time="1.735"/>
  <system-out/>
  <testcase classname="Origin.AFMC.Login" name="launch" time="1.764"/>
  <system-out/>
  <testcase classname="Origin.AFMC.Login" name="launch" time="1.670"/>
  <system-out/>
</testsuite> <!-- Origin.AFMC.Login -->
