<?xml version="1.0" encoding="UTF-8"?>
<!-- Generated by org.testng.reporters.JUnitReportReporter -->
<testsuite hostname="DESKTOP-AGOQQT3" failures="0" tests="38" name="Origin.AFMC.Login" time="69.715" errors="0" timestamp="2024-05-23T14:11:02 IST" skipped="0">
  <testcase classname="Origin.AFMC.Login" name="launch" time="1.801"/>
  <system-out/>
  <testcase classname="Origin.AFMC.Login" name="launch" time="1.772"/>
  <system-out/>
  <testcase classname="Origin.AFMC.Login" name="launch" time="1.724"/>
  <system-out/>
  <testcase classname="Origin.AFMC.Login" name="launch" time="1.776"/>
  <system-out/>
  <testcase classname="Origin.AFMC.Login" name="launch" time="1.676"/>
  <system-out/>
  <testcase classname="Origin.AFMC.Login" name="launch" time="1.700"/>
  <system-out/>
  <testcase classname="Origin.AFMC.Login" name="launch" time="1.791"/>
  <system-out/>
  <testcase classname="Origin.AFMC.Login" name="launch" time="1.738"/>
  <system-out/>
  <testcase classname="Origin.AFMC.Login" name="launch" time="1.784"/>
  <system-out/>
  <testcase classname="Origin.AFMC.Login" name="launch" time="1.770"/>
  <system-out/>
  <testcase classname="Origin.AFMC.Login" name="launch" time="1.892"/>
  <system-out/>
  <testcase classname="Origin.AFMC.Login" name="launch" time="1.797"/>
  <system-out/>
  <testcase classname="Origin.AFMC.Login" name="launch" time="1.819"/>
  <system-out/>
  <testcase classname="Origin.AFMC.Login" name="launch" time="1.890"/>
  <system-out/>
  <testcase classname="Origin.AFMC.Login" name="launch" time="1.910"/>
  <system-out/>
  <testcase classname="Origin.AFMC.Login" name="launch" time="2.142"/>
  <system-out/>
  <testcase classname="Origin.AFMC.Login" name="launch" time="1.895"/>
  <system-out/>
  <testcase classname="Origin.AFMC.Login" name="launch" time="1.721"/>
  <system-out/>
  <testcase classname="Origin.AFMC.Login" name="launch" time="1.676"/>
  <system-out/>
  <testcase classname="Origin.AFMC.Login" name="launch" time="1.764"/>
  <system-out/>
  <testcase classname="Origin.AFMC.Login" name="launch" time="1.855"/>
  <system-out/>
  <testcase classname="Origin.AFMC.Login" name="launch" time="2.984"/>
  <system-out/>
  <testcase classname="Origin.AFMC.Login" name="launch" time="1.734"/>
  <system-out/>
  <testcase classname="Origin.AFMC.Login" name="launch" time="1.844"/>
  <system-out/>
  <testcase classname="Origin.AFMC.Login" name="launch" time="1.783"/>
  <system-out/>
  <testcase classname="Origin.AFMC.Login" name="launch" time="1.754"/>
  <system-out/>
  <testcase classname="Origin.AFMC.Login" name="launch" time="1.800"/>
  <system-out/>
  <testcase classname="Origin.AFMC.Login" name="launch" time="1.850"/>
  <system-out/>
  <testcase classname="Origin.AFMC.Login" name="launch" time="1.797"/>
  <system-out/>
  <testcase classname="Origin.AFMC.Login" name="launch" time="1.743"/>
  <system-out/>
  <testcase classname="Origin.AFMC.Login" name="launch" time="1.801"/>
  <system-out/>
  <testcase classname="Origin.AFMC.Login" name="launch" time="1.827"/>
  <system-out/>
  <testcase classname="Origin.AFMC.Login" name="launch" time="1.716"/>
  <system-out/>
  <testcase classname="Origin.AFMC.Login" name="launch" time="1.775"/>
  <system-out/>
  <testcase classname="Origin.AFMC.Login" name="launch" time="2.003"/>
  <system-out/>
  <testcase classname="Origin.AFMC.Login" name="launch" time="1.820"/>
  <system-out/>
  <testcase classname="Origin.AFMC.Login" name="launch" time="1.837"/>
  <system-out/>
  <testcase classname="Origin.AFMC.Login" name="launch" time="1.754"/>
  <system-out/>
</testsuite> <!-- Origin.AFMC.Login -->
