<?xml version="1.0" encoding="UTF-8"?>
<!-- Generated by org.testng.reporters.JUnitReportReporter -->
<testsuite hostname="DESKTOP-AGOQQT3" failures="0" tests="21" name="Origin.AFMC.Login" time="36.366" errors="0" timestamp="2024-05-06T11:40:26 IST" skipped="0">
  <testcase classname="Origin.AFMC.Login" name="launch" time="1.622"/>
  <system-out/>
  <testcase classname="Origin.AFMC.Login" name="launch" time="1.766"/>
  <system-out/>
  <testcase classname="Origin.AFMC.Login" name="launch" time="2.447"/>
  <system-out/>
  <testcase classname="Origin.AFMC.Login" name="launch" time="1.577"/>
  <system-out/>
  <testcase classname="Origin.AFMC.Login" name="launch" time="1.528"/>
  <system-out/>
  <testcase classname="Origin.AFMC.Login" name="launch" time="2.911"/>
  <system-out/>
  <testcase classname="Origin.AFMC.Login" name="launch" time="1.621"/>
  <system-out/>
  <testcase classname="Origin.AFMC.Login" name="launch" time="1.860"/>
  <system-out/>
  <testcase classname="Origin.AFMC.Login" name="launch" time="1.624"/>
  <system-out/>
  <testcase classname="Origin.AFMC.Login" name="launch" time="1.528"/>
  <system-out/>
  <testcase classname="Origin.AFMC.Login" name="launch" time="1.636"/>
  <system-out/>
  <testcase classname="Origin.AFMC.Login" name="launch" time="1.636"/>
  <system-out/>
  <testcase classname="Origin.AFMC.Login" name="launch" time="1.601"/>
  <system-out/>
  <testcase classname="Origin.AFMC.Login" name="launch" time="1.724"/>
  <system-out/>
  <testcase classname="Origin.AFMC.Login" name="launch" time="1.715"/>
  <system-out/>
  <testcase classname="Origin.AFMC.Login" name="launch" time="1.612"/>
  <system-out/>
  <testcase classname="Origin.AFMC.Login" name="launch" time="1.560"/>
  <system-out/>
  <testcase classname="Origin.AFMC.Login" name="launch" time="1.678"/>
  <system-out/>
  <testcase classname="Origin.AFMC.Login" name="launch" time="1.628"/>
  <system-out/>
  <testcase classname="Origin.AFMC.Login" name="launch" time="1.555"/>
  <system-out/>
  <testcase classname="Origin.AFMC.Login" name="launch" time="1.537"/>
  <system-out/>
</testsuite> <!-- Origin.AFMC.Login -->
