<?xml version="1.0" encoding="UTF-8"?>
<!-- Generated by org.testng.reporters.JUnitReportReporter -->
<testsuite hostname="DESKTOP-AGOQQT3" failures="0" tests="16" name="Origin.AFMC.Login" time="26.407" errors="0" timestamp="2024-04-29T13:20:10 IST" skipped="0">
  <testcase classname="Origin.AFMC.Login" name="launch" time="1.570"/>
  <system-out/>
  <testcase classname="Origin.AFMC.Login" name="launch" time="1.607"/>
  <system-out/>
  <testcase classname="Origin.AFMC.Login" name="launch" time="1.525"/>
  <system-out/>
  <testcase classname="Origin.AFMC.Login" name="launch" time="2.483"/>
  <system-out/>
  <testcase classname="Origin.AFMC.Login" name="launch" time="1.549"/>
  <system-out/>
  <testcase classname="Origin.AFMC.Login" name="launch" time="1.649"/>
  <system-out/>
  <testcase classname="Origin.AFMC.Login" name="launch" time="1.567"/>
  <system-out/>
  <testcase classname="Origin.AFMC.Login" name="launch" time="1.637"/>
  <system-out/>
  <testcase classname="Origin.AFMC.Login" name="launch" time="1.590"/>
  <system-out/>
  <testcase classname="Origin.AFMC.Login" name="launch" time="1.686"/>
  <system-out/>
  <testcase classname="Origin.AFMC.Login" name="launch" time="1.541"/>
  <system-out/>
  <testcase classname="Origin.AFMC.Login" name="launch" time="1.609"/>
  <system-out/>
  <testcase classname="Origin.AFMC.Login" name="launch" time="1.622"/>
  <system-out/>
  <testcase classname="Origin.AFMC.Login" name="launch" time="1.546"/>
  <system-out/>
  <testcase classname="Origin.AFMC.Login" name="launch" time="1.613"/>
  <system-out/>
  <testcase classname="Origin.AFMC.Login" name="launch" time="1.613"/>
  <system-out/>
</testsuite> <!-- Origin.AFMC.Login -->
