<?xml version="1.0" encoding="UTF-8"?>
<!-- Generated by org.testng.reporters.JUnitReportReporter -->
<testsuite hostname="DESKTOP-AGOQQT3" failures="0" tests="47" name="Origin.AFMC.Login" time="101.542" errors="0" timestamp="2024-07-02T12:34:37 IST" skipped="0">
  <testcase classname="Origin.AFMC.Login" name="launch" time="1.875"/>
  <system-out/>
  <testcase classname="Origin.AFMC.Login" name="launch" time="1.938"/>
  <system-out/>
  <testcase classname="Origin.AFMC.Login" name="launch" time="1.969"/>
  <system-out/>
  <testcase classname="Origin.AFMC.Login" name="launch" time="1.956"/>
  <system-out/>
  <testcase classname="Origin.AFMC.Login" name="launch" time="1.834"/>
  <system-out/>
  <testcase classname="Origin.AFMC.Login" name="launch" time="1.886"/>
  <system-out/>
  <testcase classname="Origin.AFMC.Login" name="launch" time="1.981"/>
  <system-out/>
  <testcase classname="Origin.AFMC.Login" name="launch" time="2.159"/>
  <system-out/>
  <testcase classname="Origin.AFMC.Login" name="launch" time="1.862"/>
  <system-out/>
  <testcase classname="Origin.AFMC.Login" name="launch" time="2.045"/>
  <system-out/>
  <testcase classname="Origin.AFMC.Login" name="launch" time="2.144"/>
  <system-out/>
  <testcase classname="Origin.AFMC.Login" name="launch" time="2.089"/>
  <system-out/>
  <testcase classname="Origin.AFMC.Login" name="launch" time="2.010"/>
  <system-out/>
  <testcase classname="Origin.AFMC.Login" name="launch" time="2.548"/>
  <system-out/>
  <testcase classname="Origin.AFMC.Login" name="launch" time="2.642"/>
  <system-out/>
  <testcase classname="Origin.AFMC.Login" name="launch" time="2.006"/>
  <system-out/>
  <testcase classname="Origin.AFMC.Login" name="launch" time="2.061"/>
  <system-out/>
  <testcase classname="Origin.AFMC.Login" name="launch" time="1.763"/>
  <system-out/>
  <testcase classname="Origin.AFMC.Login" name="launch" time="2.111"/>
  <system-out/>
  <testcase classname="Origin.AFMC.Login" name="launch" time="2.183"/>
  <system-out/>
  <testcase classname="Origin.AFMC.Login" name="launch" time="1.930"/>
  <system-out/>
  <testcase classname="Origin.AFMC.Login" name="launch" time="1.873"/>
  <system-out/>
  <testcase classname="Origin.AFMC.Login" name="launch" time="2.304"/>
  <system-out/>
  <testcase classname="Origin.AFMC.Login" name="launch" time="1.921"/>
  <system-out/>
  <testcase classname="Origin.AFMC.Login" name="launch" time="1.897"/>
  <system-out/>
  <testcase classname="Origin.AFMC.Login" name="launch" time="2.080"/>
  <system-out/>
  <testcase classname="Origin.AFMC.Login" name="launch" time="2.060"/>
  <system-out/>
  <testcase classname="Origin.AFMC.Login" name="launch" time="1.941"/>
  <system-out/>
  <testcase classname="Origin.AFMC.Login" name="launch" time="1.950"/>
  <system-out/>
  <testcase classname="Origin.AFMC.Login" name="launch" time="2.072"/>
  <system-out/>
  <testcase classname="Origin.AFMC.Login" name="launch" time="1.844"/>
  <system-out/>
  <testcase classname="Origin.AFMC.Login" name="launch" time="2.158"/>
  <system-out/>
  <testcase classname="Origin.AFMC.Login" name="launch" time="2.017"/>
  <system-out/>
  <testcase classname="Origin.AFMC.Login" name="launch" time="2.031"/>
  <system-out/>
  <testcase classname="Origin.AFMC.Login" name="launch" time="8.064"/>
  <system-out/>
  <testcase classname="Origin.AFMC.Login" name="launch" time="2.064"/>
  <system-out/>
  <testcase classname="Origin.AFMC.Login" name="launch" time="1.859"/>
  <system-out/>
  <testcase classname="Origin.AFMC.Login" name="launch" time="1.849"/>
  <system-out/>
  <testcase classname="Origin.AFMC.Login" name="launch" time="2.049"/>
  <system-out/>
  <testcase classname="Origin.AFMC.Login" name="launch" time="2.057"/>
  <system-out/>
  <testcase classname="Origin.AFMC.Login" name="launch" time="1.982"/>
  <system-out/>
  <testcase classname="Origin.AFMC.Login" name="launch" time="2.616"/>
  <system-out/>
  <testcase classname="Origin.AFMC.Login" name="launch" time="2.007"/>
  <system-out/>
  <testcase classname="Origin.AFMC.Login" name="launch" time="1.994"/>
  <system-out/>
  <testcase classname="Origin.AFMC.Login" name="launch" time="1.884"/>
  <system-out/>
  <testcase classname="Origin.AFMC.Login" name="launch" time="1.955"/>
  <system-out/>
  <testcase classname="Origin.AFMC.Login" name="launch" time="2.022"/>
  <system-out/>
</testsuite> <!-- Origin.AFMC.Login -->
