<?xml version="1.0" encoding="UTF-8"?>
<!-- Generated by org.testng.reporters.JUnitReportReporter -->
<testsuite hostname="DESKTOP-AGOQQT3" failures="0" tests="45" name="Origin.AFMC.Login" time="98.799" errors="1" timestamp="2024-06-27T15:37:32 IST" skipped="0">
  <testcase classname="Origin.AFMC.Login" name="launch" time="1.566"/>
  <system-out/>
  <testcase classname="Origin.AFMC.Login" name="launch" time="2.055"/>
  <system-out/>
  <testcase classname="Origin.AFMC.Login" name="launch" time="1.834"/>
  <system-out/>
  <testcase classname="Origin.AFMC.Login" name="launch" time="1.626"/>
  <system-out/>
  <testcase classname="Origin.AFMC.Login" name="launch" time="1.500"/>
  <system-out/>
  <testcase classname="Origin.AFMC.Login" name="launch" time="2.234"/>
  <system-out/>
  <testcase classname="Origin.AFMC.Login" name="launch" time="1.631"/>
  <system-out/>
  <testcase classname="Origin.AFMC.Login" name="launch" time="1.631"/>
  <system-out/>
  <testcase classname="Origin.AFMC.Login" name="launch" time="2.023"/>
  <system-out/>
  <testcase classname="Origin.AFMC.Login" name="launch" time="1.530"/>
  <system-out/>
  <testcase classname="Origin.AFMC.Login" name="launch" time="1.673"/>
  <system-out/>
  <testcase classname="Origin.AFMC.Login" name="launch" time="1.523"/>
  <system-out/>
  <testcase classname="Origin.AFMC.Login" name="launch" time="1.616"/>
  <system-out/>
  <testcase classname="Origin.AFMC.Login" name="launch" time="1.580"/>
  <system-out/>
  <testcase classname="Origin.AFMC.Login" name="launch" time="11.086"/>
  <system-out/>
  <testcase classname="Origin.AFMC.Login" name="launch" time="1.735"/>
  <system-out/>
  <testcase classname="Origin.AFMC.Login" name="launch" time="1.882"/>
  <system-out/>
  <testcase classname="Origin.AFMC.Login" name="launch" time="2.080"/>
  <system-out/>
  <testcase classname="Origin.AFMC.Login" name="launch" time="1.612"/>
  <system-out/>
  <testcase classname="Origin.AFMC.Login" name="launch" time="0.317">
    <error message="Unable to obtain: Capabilities {browserName: chrome, goog:chromeOptions: {args: [--remote-allow-origins=*, headless], extensions: []}}, error Failed to parse json output, executed: [--browser, chrome, --output, json]

Build info: version: &#039;4.14.1&#039;, revision: &#039;03f8ede370&#039;
System info: os.name: &#039;Windows 11&#039;, os.arch: &#039;amd64&#039;, os.version: &#039;10.0&#039;, java.version: &#039;21.0.1&#039;
Driver info: driver.version: ChromeDriver" type="org.openqa.selenium.remote.NoSuchDriverException">
      <![CDATA[org.openqa.selenium.remote.NoSuchDriverException: Unable to obtain: Capabilities {browserName: chrome, goog:chromeOptions: {args: [--remote-allow-origins=*, headless], extensions: []}}, error Failed to parse json output, executed: [--browser, chrome, --output, json]

Build info: version: '4.14.1', revision: '03f8ede370'
System info: os.name: 'Windows 11', os.arch: 'amd64', os.version: '10.0', java.version: '21.0.1'
Driver info: driver.version: ChromeDriver
at org.openqa.selenium.remote.service.DriverFinder.getPath(DriverFinder.java:25)
at org.openqa.selenium.remote.service.DriverFinder.getPath(DriverFinder.java:13)
at org.openqa.selenium.chrome.ChromeDriver.generateExecutor(ChromeDriver.java:99)
at org.openqa.selenium.chrome.ChromeDriver.<init>(ChromeDriver.java:88)
at org.openqa.selenium.chrome.ChromeDriver.<init>(ChromeDriver.java:83)
at org.openqa.selenium.chrome.ChromeDriver.<init>(ChromeDriver.java:72)
at Origin.AFMC.Base.browserconfig(Base.java:57)
at Origin.AFMC.Login.launch(Login.java:16)
at java.base/jdk.internal.reflect.DirectMethodHandleAccessor.invoke(DirectMethodHandleAccessor.java:103)
at java.base/java.lang.reflect.Method.invoke(Method.java:580)
at org.testng.internal.MethodInvocationHelper.invokeMethod(MethodInvocationHelper.java:133)
at org.testng.internal.TestInvoker.invokeMethod(TestInvoker.java:598)
at org.testng.internal.TestInvoker.invokeTestMethod(TestInvoker.java:173)
at org.testng.internal.MethodRunner.runInSequence(MethodRunner.java:46)
at org.testng.internal.TestInvoker$MethodInvocationAgent.invoke(TestInvoker.java:824)
at org.testng.internal.TestInvoker.invokeTestMethods(TestInvoker.java:146)
at org.testng.internal.TestMethodWorker.invokeTestMethods(TestMethodWorker.java:146)
at org.testng.internal.TestMethodWorker.run(TestMethodWorker.java:128)
at java.base/java.util.ArrayList.forEach(ArrayList.java:1596)
at org.testng.TestRunner.privateRun(TestRunner.java:794)
at org.testng.TestRunner.run(TestRunner.java:596)
at org.testng.SuiteRunner.runTest(SuiteRunner.java:377)
at org.testng.SuiteRunner.runSequentially(SuiteRunner.java:371)
at org.testng.SuiteRunner.privateRun(SuiteRunner.java:332)
at org.testng.SuiteRunner.run(SuiteRunner.java:276)
at org.testng.SuiteRunnerWorker.runSuite(SuiteRunnerWorker.java:53)
at org.testng.SuiteRunnerWorker.run(SuiteRunnerWorker.java:96)
at org.testng.TestNG.runSuitesSequentially(TestNG.java:1212)
at org.testng.TestNG.runSuitesLocally(TestNG.java:1134)
at org.testng.TestNG.runSuites(TestNG.java:1063)
at org.testng.TestNG.run(TestNG.java:1031)
at org.testng.remote.AbstractRemoteTestNG.run(AbstractRemoteTestNG.java:115)
at org.testng.remote.RemoteTestNG.initAndRun(RemoteTestNG.java:251)
at org.testng.remote.RemoteTestNG.main(RemoteTestNG.java:77)
Caused by: org.openqa.selenium.WebDriverException: Failed to parse json output, executed: [--browser, chrome, --output, json]

Build info: version: '4.14.1', revision: '03f8ede370'
System info: os.name: 'Windows 11', os.arch: 'amd64', os.version: '10.0', java.version: '21.0.1'
Driver info: driver.version: ChromeDriver
at org.openqa.selenium.manager.SeleniumManager.runCommand(SeleniumManager.java:151)
at org.openqa.selenium.manager.SeleniumManager.getDriverPath(SeleniumManager.java:304)
at org.openqa.selenium.remote.service.DriverFinder.getPath(DriverFinder.java:22)
... 33 more
]]>
    </error>
  </testcase> <!-- launch -->
  <system-out/>
  <testcase classname="Origin.AFMC.Login" name="launch" time="9.970"/>
  <system-out/>
  <testcase classname="Origin.AFMC.Login" name="launch" time="1.771"/>
  <system-out/>
  <testcase classname="Origin.AFMC.Login" name="launch" time="1.704"/>
  <system-out/>
  <testcase classname="Origin.AFMC.Login" name="launch" time="1.472"/>
  <system-out/>
  <testcase classname="Origin.AFMC.Login" name="launch" time="1.773"/>
  <system-out/>
  <testcase classname="Origin.AFMC.Login" name="launch" time="6.086"/>
  <system-out/>
  <testcase classname="Origin.AFMC.Login" name="launch" time="1.977"/>
  <system-out/>
  <testcase classname="Origin.AFMC.Login" name="launch" time="1.695"/>
  <system-out/>
  <testcase classname="Origin.AFMC.Login" name="launch" time="1.724"/>
  <system-out/>
  <testcase classname="Origin.AFMC.Login" name="launch" time="1.894"/>
  <system-out/>
  <testcase classname="Origin.AFMC.Login" name="launch" time="1.816"/>
  <system-out/>
  <testcase classname="Origin.AFMC.Login" name="launch" time="1.600"/>
  <system-out/>
  <testcase classname="Origin.AFMC.Login" name="launch" time="1.911"/>
  <system-out/>
  <testcase classname="Origin.AFMC.Login" name="launch" time="1.721"/>
  <system-out/>
  <testcase classname="Origin.AFMC.Login" name="launch" time="1.815"/>
  <system-out/>
  <testcase classname="Origin.AFMC.Login" name="launch" time="1.680"/>
  <system-out/>
  <testcase classname="Origin.AFMC.Login" name="launch" time="1.440"/>
  <system-out/>
  <testcase classname="Origin.AFMC.Login" name="launch" time="2.104"/>
  <system-out/>
  <testcase classname="Origin.AFMC.Login" name="launch" time="1.567"/>
  <system-out/>
  <testcase classname="Origin.AFMC.Login" name="launch" time="1.588"/>
  <system-out/>
  <testcase classname="Origin.AFMC.Login" name="launch" time="1.527"/>
  <system-out/>
  <testcase classname="Origin.AFMC.Login" name="launch" time="1.792"/>
  <system-out/>
  <testcase classname="Origin.AFMC.Login" name="launch" time="2.160"/>
  <system-out/>
  <testcase classname="Origin.AFMC.Login" name="launch" time="1.605"/>
  <system-out/>
  <testcase classname="Origin.AFMC.Login" name="launch" time="1.673"/>
  <system-out/>
</testsuite> <!-- Origin.AFMC.Login -->
