<?xml version="1.0" encoding="UTF-8"?>
<!-- Generated by org.testng.reporters.JUnitReportReporter -->
<testsuite hostname="DESKTOP-AGOQQT3" failures="0" tests="74" name="Origin.AFMC.Login" time="154.652" errors="0" timestamp="2024-06-19T14:14:39 IST" skipped="0">
  <testcase classname="Origin.AFMC.Login" name="launch" time="1.968"/>
  <system-out/>
  <testcase classname="Origin.AFMC.Login" name="launch" time="2.053"/>
  <system-out/>
  <testcase classname="Origin.AFMC.Login" name="launch" time="1.962"/>
  <system-out/>
  <testcase classname="Origin.AFMC.Login" name="launch" time="1.852"/>
  <system-out/>
  <testcase classname="Origin.AFMC.Login" name="launch" time="1.872"/>
  <system-out/>
  <testcase classname="Origin.AFMC.Login" name="launch" time="1.842"/>
  <system-out/>
  <testcase classname="Origin.AFMC.Login" name="launch" time="2.368"/>
  <system-out/>
  <testcase classname="Origin.AFMC.Login" name="launch" time="1.696"/>
  <system-out/>
  <testcase classname="Origin.AFMC.Login" name="launch" time="1.919"/>
  <system-out/>
  <testcase classname="Origin.AFMC.Login" name="launch" time="2.268"/>
  <system-out/>
  <testcase classname="Origin.AFMC.Login" name="launch" time="3.078"/>
  <system-out/>
  <testcase classname="Origin.AFMC.Login" name="launch" time="1.998"/>
  <system-out/>
  <testcase classname="Origin.AFMC.Login" name="launch" time="2.280"/>
  <system-out/>
  <testcase classname="Origin.AFMC.Login" name="launch" time="1.888"/>
  <system-out/>
  <testcase classname="Origin.AFMC.Login" name="launch" time="1.885"/>
  <system-out/>
  <testcase classname="Origin.AFMC.Login" name="launch" time="2.173"/>
  <system-out/>
  <testcase classname="Origin.AFMC.Login" name="launch" time="1.753"/>
  <system-out/>
  <testcase classname="Origin.AFMC.Login" name="launch" time="1.909"/>
  <system-out/>
  <testcase classname="Origin.AFMC.Login" name="launch" time="1.700"/>
  <system-out/>
  <testcase classname="Origin.AFMC.Login" name="launch" time="2.823"/>
  <system-out/>
  <testcase classname="Origin.AFMC.Login" name="launch" time="1.939"/>
  <system-out/>
  <testcase classname="Origin.AFMC.Login" name="launch" time="1.707"/>
  <system-out/>
  <testcase classname="Origin.AFMC.Login" name="launch" time="1.740"/>
  <system-out/>
  <testcase classname="Origin.AFMC.Login" name="launch" time="2.002"/>
  <system-out/>
  <testcase classname="Origin.AFMC.Login" name="launch" time="2.182"/>
  <system-out/>
  <testcase classname="Origin.AFMC.Login" name="launch" time="2.090"/>
  <system-out/>
  <testcase classname="Origin.AFMC.Login" name="launch" time="1.992"/>
  <system-out/>
  <testcase classname="Origin.AFMC.Login" name="launch" time="1.982"/>
  <system-out/>
  <testcase classname="Origin.AFMC.Login" name="launch" time="1.889"/>
  <system-out/>
  <testcase classname="Origin.AFMC.Login" name="launch" time="2.498"/>
  <system-out/>
  <testcase classname="Origin.AFMC.Login" name="launch" time="1.909"/>
  <system-out/>
  <testcase classname="Origin.AFMC.Login" name="launch" time="1.790"/>
  <system-out/>
  <testcase classname="Origin.AFMC.Login" name="launch" time="1.969"/>
  <system-out/>
  <testcase classname="Origin.AFMC.Login" name="launch" time="3.069"/>
  <system-out/>
  <testcase classname="Origin.AFMC.Login" name="launch" time="1.747"/>
  <system-out/>
  <testcase classname="Origin.AFMC.Login" name="launch" time="2.051"/>
  <system-out/>
  <testcase classname="Origin.AFMC.Login" name="launch" time="1.701"/>
  <system-out/>
  <testcase classname="Origin.AFMC.Login" name="launch" time="2.789"/>
  <system-out/>
  <testcase classname="Origin.AFMC.Login" name="launch" time="1.992"/>
  <system-out/>
  <testcase classname="Origin.AFMC.Login" name="launch" time="2.088"/>
  <system-out/>
  <testcase classname="Origin.AFMC.Login" name="launch" time="1.960"/>
  <system-out/>
  <testcase classname="Origin.AFMC.Login" name="launch" time="2.116"/>
  <system-out/>
  <testcase classname="Origin.AFMC.Login" name="launch" time="1.756"/>
  <system-out/>
  <testcase classname="Origin.AFMC.Login" name="launch" time="1.893"/>
  <system-out/>
  <testcase classname="Origin.AFMC.Login" name="launch" time="1.631"/>
  <system-out/>
  <testcase classname="Origin.AFMC.Login" name="launch" time="1.871"/>
  <system-out/>
  <testcase classname="Origin.AFMC.Login" name="launch" time="2.033"/>
  <system-out/>
  <testcase classname="Origin.AFMC.Login" name="launch" time="2.461"/>
  <system-out/>
  <testcase classname="Origin.AFMC.Login" name="launch" time="1.954"/>
  <system-out/>
  <testcase classname="Origin.AFMC.Login" name="launch" time="2.201"/>
  <system-out/>
  <testcase classname="Origin.AFMC.Login" name="launch" time="1.726"/>
  <system-out/>
  <testcase classname="Origin.AFMC.Login" name="launch" time="2.088"/>
  <system-out/>
  <testcase classname="Origin.AFMC.Login" name="launch" time="1.844"/>
  <system-out/>
  <testcase classname="Origin.AFMC.Login" name="launch" time="2.344"/>
  <system-out/>
  <testcase classname="Origin.AFMC.Login" name="launch" time="1.901"/>
  <system-out/>
  <testcase classname="Origin.AFMC.Login" name="launch" time="6.586"/>
  <system-out/>
  <testcase classname="Origin.AFMC.Login" name="launch" time="3.323"/>
  <system-out/>
  <testcase classname="Origin.AFMC.Login" name="launch" time="1.840"/>
  <system-out/>
  <testcase classname="Origin.AFMC.Login" name="launch" time="1.887"/>
  <system-out/>
  <testcase classname="Origin.AFMC.Login" name="launch" time="2.056"/>
  <system-out/>
  <testcase classname="Origin.AFMC.Login" name="launch" time="1.723"/>
  <system-out/>
  <testcase classname="Origin.AFMC.Login" name="launch" time="1.885"/>
  <system-out/>
  <testcase classname="Origin.AFMC.Login" name="launch" time="1.739"/>
  <system-out/>
  <testcase classname="Origin.AFMC.Login" name="launch" time="2.035"/>
  <system-out/>
  <testcase classname="Origin.AFMC.Login" name="launch" time="1.937"/>
  <system-out/>
  <testcase classname="Origin.AFMC.Login" name="launch" time="1.647"/>
  <system-out/>
  <testcase classname="Origin.AFMC.Login" name="launch" time="2.090"/>
  <system-out/>
  <testcase classname="Origin.AFMC.Login" name="launch" time="1.677"/>
  <system-out/>
  <testcase classname="Origin.AFMC.Login" name="launch" time="2.174"/>
  <system-out/>
  <testcase classname="Origin.AFMC.Login" name="launch" time="1.909"/>
  <system-out/>
  <testcase classname="Origin.AFMC.Login" name="launch" time="2.247"/>
  <system-out/>
  <testcase classname="Origin.AFMC.Login" name="launch" time="1.889"/>
  <system-out/>
  <testcase classname="Origin.AFMC.Login" name="launch" time="1.968"/>
  <system-out/>
  <testcase classname="Origin.AFMC.Login" name="launch" time="1.848"/>
  <system-out/>
</testsuite> <!-- Origin.AFMC.Login -->
