<?xml version="1.0" encoding="UTF-8"?>
<!-- Generated by org.testng.reporters.JUnitReportReporter -->
<testsuite hostname="DESKTOP-AGOQQT3" failures="0" tests="30" name="Origin.AFMC.Login" time="62.653" errors="0" timestamp="2024-04-18T15:29:35 IST" skipped="0">
  <testcase classname="Origin.AFMC.Login" name="launch" time="1.873"/>
  <system-out/>
  <testcase classname="Origin.AFMC.Login" name="launch" time="2.724"/>
  <system-out/>
  <testcase classname="Origin.AFMC.Login" name="launch" time="2.129"/>
  <system-out/>
  <testcase classname="Origin.AFMC.Login" name="launch" time="2.019"/>
  <system-out/>
  <testcase classname="Origin.AFMC.Login" name="launch" time="1.871"/>
  <system-out/>
  <testcase classname="Origin.AFMC.Login" name="launch" time="1.906"/>
  <system-out/>
  <testcase classname="Origin.AFMC.Login" name="launch" time="2.165"/>
  <system-out/>
  <testcase classname="Origin.AFMC.Login" name="launch" time="2.045"/>
  <system-out/>
  <testcase classname="Origin.AFMC.Login" name="launch" time="1.836"/>
  <system-out/>
  <testcase classname="Origin.AFMC.Login" name="launch" time="2.385"/>
  <system-out/>
  <testcase classname="Origin.AFMC.Login" name="launch" time="1.781"/>
  <system-out/>
  <testcase classname="Origin.AFMC.Login" name="launch" time="2.197"/>
  <system-out/>
  <testcase classname="Origin.AFMC.Login" name="launch" time="2.359"/>
  <system-out/>
  <testcase classname="Origin.AFMC.Login" name="launch" time="2.202"/>
  <system-out/>
  <testcase classname="Origin.AFMC.Login" name="launch" time="1.948"/>
  <system-out/>
  <testcase classname="Origin.AFMC.Login" name="launch" time="2.132"/>
  <system-out/>
  <testcase classname="Origin.AFMC.Login" name="launch" time="1.934"/>
  <system-out/>
  <testcase classname="Origin.AFMC.Login" name="launch" time="2.194"/>
  <system-out/>
  <testcase classname="Origin.AFMC.Login" name="launch" time="2.016"/>
  <system-out/>
  <testcase classname="Origin.AFMC.Login" name="launch" time="1.891"/>
  <system-out/>
  <testcase classname="Origin.AFMC.Login" name="launch" time="2.968"/>
  <system-out/>
  <testcase classname="Origin.AFMC.Login" name="launch" time="2.093"/>
  <system-out/>
  <testcase classname="Origin.AFMC.Login" name="launch" time="2.049"/>
  <system-out/>
  <testcase classname="Origin.AFMC.Login" name="launch" time="2.086"/>
  <system-out/>
  <testcase classname="Origin.AFMC.Login" name="launch" time="2.121"/>
  <system-out/>
  <testcase classname="Origin.AFMC.Login" name="launch" time="2.003"/>
  <system-out/>
  <testcase classname="Origin.AFMC.Login" name="launch" time="1.975"/>
  <system-out/>
  <testcase classname="Origin.AFMC.Login" name="launch" time="1.917"/>
  <system-out/>
  <testcase classname="Origin.AFMC.Login" name="launch" time="1.805"/>
  <system-out/>
  <testcase classname="Origin.AFMC.Login" name="launch" time="2.029"/>
  <system-out/>
</testsuite> <!-- Origin.AFMC.Login -->
