<?xml version="1.0" encoding="UTF-8"?>
<!-- Generated by org.testng.reporters.JUnitReportReporter -->
<testsuite hostname="DESKTOP-AGOQQT3" failures="0" tests="44" name="Origin.AFMC.Login" time="104.561" errors="0" timestamp="2024-05-24T13:00:33 IST" skipped="0">
  <testcase classname="Origin.AFMC.Login" name="launch" time="2.778"/>
  <system-out/>
  <testcase classname="Origin.AFMC.Login" name="launch" time="2.092"/>
  <system-out/>
  <testcase classname="Origin.AFMC.Login" name="launch" time="2.062"/>
  <system-out/>
  <testcase classname="Origin.AFMC.Login" name="launch" time="2.240"/>
  <system-out/>
  <testcase classname="Origin.AFMC.Login" name="launch" time="2.091"/>
  <system-out/>
  <testcase classname="Origin.AFMC.Login" name="launch" time="2.036"/>
  <system-out/>
  <testcase classname="Origin.AFMC.Login" name="launch" time="6.856"/>
  <system-out/>
  <testcase classname="Origin.AFMC.Login" name="launch" time="2.143"/>
  <system-out/>
  <testcase classname="Origin.AFMC.Login" name="launch" time="2.350"/>
  <system-out/>
  <testcase classname="Origin.AFMC.Login" name="launch" time="2.527"/>
  <system-out/>
  <testcase classname="Origin.AFMC.Login" name="launch" time="2.949"/>
  <system-out/>
  <testcase classname="Origin.AFMC.Login" name="launch" time="2.502"/>
  <system-out/>
  <testcase classname="Origin.AFMC.Login" name="launch" time="2.428"/>
  <system-out/>
  <testcase classname="Origin.AFMC.Login" name="launch" time="2.008"/>
  <system-out/>
  <testcase classname="Origin.AFMC.Login" name="launch" time="2.100"/>
  <system-out/>
  <testcase classname="Origin.AFMC.Login" name="launch" time="2.011"/>
  <system-out/>
  <testcase classname="Origin.AFMC.Login" name="launch" time="2.245"/>
  <system-out/>
  <testcase classname="Origin.AFMC.Login" name="launch" time="2.204"/>
  <system-out/>
  <testcase classname="Origin.AFMC.Login" name="launch" time="2.223"/>
  <system-out/>
  <testcase classname="Origin.AFMC.Login" name="launch" time="2.520"/>
  <system-out/>
  <testcase classname="Origin.AFMC.Login" name="launch" time="2.150"/>
  <system-out/>
  <testcase classname="Origin.AFMC.Login" name="launch" time="2.243"/>
  <system-out/>
  <testcase classname="Origin.AFMC.Login" name="launch" time="2.207"/>
  <system-out/>
  <testcase classname="Origin.AFMC.Login" name="launch" time="2.314"/>
  <system-out/>
  <testcase classname="Origin.AFMC.Login" name="launch" time="2.576"/>
  <system-out/>
  <testcase classname="Origin.AFMC.Login" name="launch" time="2.489"/>
  <system-out/>
  <testcase classname="Origin.AFMC.Login" name="launch" time="2.389"/>
  <system-out/>
  <testcase classname="Origin.AFMC.Login" name="launch" time="2.235"/>
  <system-out/>
  <testcase classname="Origin.AFMC.Login" name="launch" time="2.176"/>
  <system-out/>
  <testcase classname="Origin.AFMC.Login" name="launch" time="2.067"/>
  <system-out/>
  <testcase classname="Origin.AFMC.Login" name="launch" time="2.080"/>
  <system-out/>
  <testcase classname="Origin.AFMC.Login" name="launch" time="2.109"/>
  <system-out/>
  <testcase classname="Origin.AFMC.Login" name="launch" time="2.119"/>
  <system-out/>
  <testcase classname="Origin.AFMC.Login" name="launch" time="2.187"/>
  <system-out/>
  <testcase classname="Origin.AFMC.Login" name="launch" time="2.423"/>
  <system-out/>
  <testcase classname="Origin.AFMC.Login" name="launch" time="2.208"/>
  <system-out/>
  <testcase classname="Origin.AFMC.Login" name="launch" time="2.227"/>
  <system-out/>
  <testcase classname="Origin.AFMC.Login" name="launch" time="2.311"/>
  <system-out/>
  <testcase classname="Origin.AFMC.Login" name="launch" time="2.385"/>
  <system-out/>
  <testcase classname="Origin.AFMC.Login" name="launch" time="2.166"/>
  <system-out/>
  <testcase classname="Origin.AFMC.Login" name="launch" time="2.676"/>
  <system-out/>
  <testcase classname="Origin.AFMC.Login" name="launch" time="2.257"/>
  <system-out/>
  <testcase classname="Origin.AFMC.Login" name="launch" time="2.077"/>
  <system-out/>
  <testcase classname="Origin.AFMC.Login" name="launch" time="2.125"/>
  <system-out/>
</testsuite> <!-- Origin.AFMC.Login -->
