<?xml version="1.0" encoding="UTF-8"?>
<!-- Generated by org.testng.reporters.JUnitReportReporter -->
<testsuite hostname="DESKTOP-AGOQQT3" failures="0" tests="24" name="Origin.AFMC.Login" time="39.020" errors="0" timestamp="2024-05-03T13:02:02 IST" skipped="0">
  <testcase classname="Origin.AFMC.Login" name="launch" time="1.568"/>
  <system-out/>
  <testcase classname="Origin.AFMC.Login" name="launch" time="1.713"/>
  <system-out/>
  <testcase classname="Origin.AFMC.Login" name="launch" time="1.481"/>
  <system-out/>
  <testcase classname="Origin.AFMC.Login" name="launch" time="2.304"/>
  <system-out/>
  <testcase classname="Origin.AFMC.Login" name="launch" time="1.513"/>
  <system-out/>
  <testcase classname="Origin.AFMC.Login" name="launch" time="1.482"/>
  <system-out/>
  <testcase classname="Origin.AFMC.Login" name="launch" time="1.637"/>
  <system-out/>
  <testcase classname="Origin.AFMC.Login" name="launch" time="1.552"/>
  <system-out/>
  <testcase classname="Origin.AFMC.Login" name="launch" time="1.586"/>
  <system-out/>
  <testcase classname="Origin.AFMC.Login" name="launch" time="2.383"/>
  <system-out/>
  <testcase classname="Origin.AFMC.Login" name="launch" time="1.536"/>
  <system-out/>
  <testcase classname="Origin.AFMC.Login" name="launch" time="1.616"/>
  <system-out/>
  <testcase classname="Origin.AFMC.Login" name="launch" time="1.546"/>
  <system-out/>
  <testcase classname="Origin.AFMC.Login" name="launch" time="1.475"/>
  <system-out/>
  <testcase classname="Origin.AFMC.Login" name="launch" time="1.477"/>
  <system-out/>
  <testcase classname="Origin.AFMC.Login" name="launch" time="1.489"/>
  <system-out/>
  <testcase classname="Origin.AFMC.Login" name="launch" time="1.682"/>
  <system-out/>
  <testcase classname="Origin.AFMC.Login" name="launch" time="1.573"/>
  <system-out/>
  <testcase classname="Origin.AFMC.Login" name="launch" time="1.569"/>
  <system-out/>
  <testcase classname="Origin.AFMC.Login" name="launch" time="1.600"/>
  <system-out/>
  <testcase classname="Origin.AFMC.Login" name="launch" time="1.609"/>
  <system-out/>
  <testcase classname="Origin.AFMC.Login" name="launch" time="1.528"/>
  <system-out/>
  <testcase classname="Origin.AFMC.Login" name="launch" time="1.524"/>
  <system-out/>
  <testcase classname="Origin.AFMC.Login" name="launch" time="1.577"/>
  <system-out/>
</testsuite> <!-- Origin.AFMC.Login -->
