<?xml version="1.0" encoding="UTF-8"?>
<!-- Generated by org.testng.reporters.JUnitReportReporter -->
<testsuite hostname="DESKTOP-AGOQQT3" failures="0" tests="16" name="Origin.AFMC.Login" time="33.552" errors="0" timestamp="2024-04-29T16:19:29 IST" skipped="0">
  <testcase classname="Origin.AFMC.Login" name="launch" time="1.691"/>
  <system-out/>
  <testcase classname="Origin.AFMC.Login" name="launch" time="1.681"/>
  <system-out/>
  <testcase classname="Origin.AFMC.Login" name="launch" time="1.611"/>
  <system-out/>
  <testcase classname="Origin.AFMC.Login" name="launch" time="1.636"/>
  <system-out/>
  <testcase classname="Origin.AFMC.Login" name="launch" time="1.625"/>
  <system-out/>
  <testcase classname="Origin.AFMC.Login" name="launch" time="1.624"/>
  <system-out/>
  <testcase classname="Origin.AFMC.Login" name="launch" time="1.623"/>
  <system-out/>
  <testcase classname="Origin.AFMC.Login" name="launch" time="1.642"/>
  <system-out/>
  <testcase classname="Origin.AFMC.Login" name="launch" time="1.586"/>
  <system-out/>
  <testcase classname="Origin.AFMC.Login" name="launch" time="1.636"/>
  <system-out/>
  <testcase classname="Origin.AFMC.Login" name="launch" time="1.676"/>
  <system-out/>
  <testcase classname="Origin.AFMC.Login" name="launch" time="1.637"/>
  <system-out/>
  <testcase classname="Origin.AFMC.Login" name="launch" time="8.930"/>
  <system-out/>
  <testcase classname="Origin.AFMC.Login" name="launch" time="1.567"/>
  <system-out/>
  <testcase classname="Origin.AFMC.Login" name="launch" time="1.767"/>
  <system-out/>
  <testcase classname="Origin.AFMC.Login" name="launch" time="1.620"/>
  <system-out/>
</testsuite> <!-- Origin.AFMC.Login -->
