<?xml version="1.0" encoding="UTF-8"?>
<!-- Generated by org.testng.reporters.JUnitReportReporter -->
<testsuite hostname="DESKTOP-AGOQQT3" failures="0" tests="15" name="Origin.AFMC.Login" time="28.255" errors="0" timestamp="2024-05-02T12:52:03 IST" skipped="0">
  <testcase classname="Origin.AFMC.Login" name="launch" time="1.918"/>
  <system-out/>
  <testcase classname="Origin.AFMC.Login" name="launch" time="1.782"/>
  <system-out/>
  <testcase classname="Origin.AFMC.Login" name="launch" time="1.718"/>
  <system-out/>
  <testcase classname="Origin.AFMC.Login" name="launch" time="1.821"/>
  <system-out/>
  <testcase classname="Origin.AFMC.Login" name="launch" time="1.728"/>
  <system-out/>
  <testcase classname="Origin.AFMC.Login" name="launch" time="1.785"/>
  <system-out/>
  <testcase classname="Origin.AFMC.Login" name="launch" time="1.772"/>
  <system-out/>
  <testcase classname="Origin.AFMC.Login" name="launch" time="2.008"/>
  <system-out/>
  <testcase classname="Origin.AFMC.Login" name="launch" time="1.763"/>
  <system-out/>
  <testcase classname="Origin.AFMC.Login" name="launch" time="1.865"/>
  <system-out/>
  <testcase classname="Origin.AFMC.Login" name="launch" time="1.891"/>
  <system-out/>
  <testcase classname="Origin.AFMC.Login" name="launch" time="2.735"/>
  <system-out/>
  <testcase classname="Origin.AFMC.Login" name="launch" time="1.732"/>
  <system-out/>
  <testcase classname="Origin.AFMC.Login" name="launch" time="1.950"/>
  <system-out/>
  <testcase classname="Origin.AFMC.Login" name="launch" time="1.787"/>
  <system-out/>
</testsuite> <!-- Origin.AFMC.Login -->
