<?xml version="1.0" encoding="UTF-8"?>
<!-- Generated by org.testng.reporters.JUnitReportReporter -->
<testsuite hostname="DESKTOP-AGOQQT3" failures="0" tests="54" name="Origin.AFMC.Login" time="104.670" errors="0" timestamp="2024-06-26T14:14:05 IST" skipped="0">
  <testcase classname="Origin.AFMC.Login" name="launch" time="1.682"/>
  <system-out/>
  <testcase classname="Origin.AFMC.Login" name="launch" time="1.785"/>
  <system-out/>
  <testcase classname="Origin.AFMC.Login" name="launch" time="1.870"/>
  <system-out/>
  <testcase classname="Origin.AFMC.Login" name="launch" time="1.704"/>
  <system-out/>
  <testcase classname="Origin.AFMC.Login" name="launch" time="1.985"/>
  <system-out/>
  <testcase classname="Origin.AFMC.Login" name="launch" time="1.877"/>
  <system-out/>
  <testcase classname="Origin.AFMC.Login" name="launch" time="1.536"/>
  <system-out/>
  <testcase classname="Origin.AFMC.Login" name="launch" time="1.629"/>
  <system-out/>
  <testcase classname="Origin.AFMC.Login" name="launch" time="1.554"/>
  <system-out/>
  <testcase classname="Origin.AFMC.Login" name="launch" time="2.004"/>
  <system-out/>
  <testcase classname="Origin.AFMC.Login" name="launch" time="1.654"/>
  <system-out/>
  <testcase classname="Origin.AFMC.Login" name="launch" time="2.253"/>
  <system-out/>
  <testcase classname="Origin.AFMC.Login" name="launch" time="1.897"/>
  <system-out/>
  <testcase classname="Origin.AFMC.Login" name="launch" time="2.090"/>
  <system-out/>
  <testcase classname="Origin.AFMC.Login" name="launch" time="2.356"/>
  <system-out/>
  <testcase classname="Origin.AFMC.Login" name="launch" time="1.619"/>
  <system-out/>
  <testcase classname="Origin.AFMC.Login" name="launch" time="1.956"/>
  <system-out/>
  <testcase classname="Origin.AFMC.Login" name="launch" time="1.905"/>
  <system-out/>
  <testcase classname="Origin.AFMC.Login" name="launch" time="1.713"/>
  <system-out/>
  <testcase classname="Origin.AFMC.Login" name="launch" time="1.703"/>
  <system-out/>
  <testcase classname="Origin.AFMC.Login" name="launch" time="2.067"/>
  <system-out/>
  <testcase classname="Origin.AFMC.Login" name="launch" time="2.224"/>
  <system-out/>
  <testcase classname="Origin.AFMC.Login" name="launch" time="2.541"/>
  <system-out/>
  <testcase classname="Origin.AFMC.Login" name="launch" time="2.399"/>
  <system-out/>
  <testcase classname="Origin.AFMC.Login" name="launch" time="1.907"/>
  <system-out/>
  <testcase classname="Origin.AFMC.Login" name="launch" time="1.875"/>
  <system-out/>
  <testcase classname="Origin.AFMC.Login" name="launch" time="1.741"/>
  <system-out/>
  <testcase classname="Origin.AFMC.Login" name="launch" time="1.818"/>
  <system-out/>
  <testcase classname="Origin.AFMC.Login" name="launch" time="1.883"/>
  <system-out/>
  <testcase classname="Origin.AFMC.Login" name="launch" time="1.746"/>
  <system-out/>
  <testcase classname="Origin.AFMC.Login" name="launch" time="2.967"/>
  <system-out/>
  <testcase classname="Origin.AFMC.Login" name="launch" time="2.920"/>
  <system-out/>
  <testcase classname="Origin.AFMC.Login" name="launch" time="1.918"/>
  <system-out/>
  <testcase classname="Origin.AFMC.Login" name="launch" time="1.793"/>
  <system-out/>
  <testcase classname="Origin.AFMC.Login" name="launch" time="1.704"/>
  <system-out/>
  <testcase classname="Origin.AFMC.Login" name="launch" time="2.049"/>
  <system-out/>
  <testcase classname="Origin.AFMC.Login" name="launch" time="1.741"/>
  <system-out/>
  <testcase classname="Origin.AFMC.Login" name="launch" time="1.776"/>
  <system-out/>
  <testcase classname="Origin.AFMC.Login" name="launch" time="2.005"/>
  <system-out/>
  <testcase classname="Origin.AFMC.Login" name="launch" time="1.889"/>
  <system-out/>
  <testcase classname="Origin.AFMC.Login" name="launch" time="1.872"/>
  <system-out/>
  <testcase classname="Origin.AFMC.Login" name="launch" time="2.729"/>
  <system-out/>
  <testcase classname="Origin.AFMC.Login" name="launch" time="2.067"/>
  <system-out/>
  <testcase classname="Origin.AFMC.Login" name="launch" time="1.691"/>
  <system-out/>
  <testcase classname="Origin.AFMC.Login" name="launch" time="2.077"/>
  <system-out/>
  <testcase classname="Origin.AFMC.Login" name="launch" time="1.820"/>
  <system-out/>
  <testcase classname="Origin.AFMC.Login" name="launch" time="1.857"/>
  <system-out/>
  <testcase classname="Origin.AFMC.Login" name="launch" time="1.868"/>
  <system-out/>
  <testcase classname="Origin.AFMC.Login" name="launch" time="1.736"/>
  <system-out/>
  <testcase classname="Origin.AFMC.Login" name="launch" time="1.896"/>
  <system-out/>
  <testcase classname="Origin.AFMC.Login" name="launch" time="1.730"/>
  <system-out/>
  <testcase classname="Origin.AFMC.Login" name="launch" time="1.780"/>
  <system-out/>
  <testcase classname="Origin.AFMC.Login" name="launch" time="1.983"/>
  <system-out/>
  <testcase classname="Origin.AFMC.Login" name="launch" time="1.829"/>
  <system-out/>
</testsuite> <!-- Origin.AFMC.Login -->
