<?xml version="1.0" encoding="UTF-8"?>
<!-- Generated by org.testng.reporters.JUnitReportReporter -->
<testsuite hostname="DESKTOP-AGOQQT3" failures="0" tests="34" name="Origin.AFMC.Login" time="45.974" errors="0" timestamp="2024-06-06T15:31:55 IST" skipped="0">
  <testcase classname="Origin.AFMC.Login" name="launch" time="1.301"/>
  <system-out/>
  <testcase classname="Origin.AFMC.Login" name="launch" time="2.336"/>
  <system-out/>
  <testcase classname="Origin.AFMC.Login" name="launch" time="1.349"/>
  <system-out/>
  <testcase classname="Origin.AFMC.Login" name="launch" time="1.416"/>
  <system-out/>
  <testcase classname="Origin.AFMC.Login" name="launch" time="1.393"/>
  <system-out/>
  <testcase classname="Origin.AFMC.Login" name="launch" time="1.368"/>
  <system-out/>
  <testcase classname="Origin.AFMC.Login" name="launch" time="1.324"/>
  <system-out/>
  <testcase classname="Origin.AFMC.Login" name="launch" time="1.321"/>
  <system-out/>
  <testcase classname="Origin.AFMC.Login" name="launch" time="1.275"/>
  <system-out/>
  <testcase classname="Origin.AFMC.Login" name="launch" time="1.355"/>
  <system-out/>
  <testcase classname="Origin.AFMC.Login" name="launch" time="1.282"/>
  <system-out/>
  <testcase classname="Origin.AFMC.Login" name="launch" time="1.303"/>
  <system-out/>
  <testcase classname="Origin.AFMC.Login" name="launch" time="1.338"/>
  <system-out/>
  <testcase classname="Origin.AFMC.Login" name="launch" time="1.323"/>
  <system-out/>
  <testcase classname="Origin.AFMC.Login" name="launch" time="1.287"/>
  <system-out/>
  <testcase classname="Origin.AFMC.Login" name="launch" time="1.409"/>
  <system-out/>
  <testcase classname="Origin.AFMC.Login" name="launch" time="1.290"/>
  <system-out/>
  <testcase classname="Origin.AFMC.Login" name="launch" time="1.381"/>
  <system-out/>
  <testcase classname="Origin.AFMC.Login" name="launch" time="1.336"/>
  <system-out/>
  <testcase classname="Origin.AFMC.Login" name="launch" time="1.232"/>
  <system-out/>
  <testcase classname="Origin.AFMC.Login" name="launch" time="1.350"/>
  <system-out/>
  <testcase classname="Origin.AFMC.Login" name="launch" time="1.329"/>
  <system-out/>
  <testcase classname="Origin.AFMC.Login" name="launch" time="1.275"/>
  <system-out/>
  <testcase classname="Origin.AFMC.Login" name="launch" time="1.365"/>
  <system-out/>
  <testcase classname="Origin.AFMC.Login" name="launch" time="1.346"/>
  <system-out/>
  <testcase classname="Origin.AFMC.Login" name="launch" time="1.297"/>
  <system-out/>
  <testcase classname="Origin.AFMC.Login" name="launch" time="1.307"/>
  <system-out/>
  <testcase classname="Origin.AFMC.Login" name="launch" time="1.288"/>
  <system-out/>
  <testcase classname="Origin.AFMC.Login" name="launch" time="1.257"/>
  <system-out/>
  <testcase classname="Origin.AFMC.Login" name="launch" time="1.294"/>
  <system-out/>
  <testcase classname="Origin.AFMC.Login" name="launch" time="1.306"/>
  <system-out/>
  <testcase classname="Origin.AFMC.Login" name="launch" time="1.280"/>
  <system-out/>
  <testcase classname="Origin.AFMC.Login" name="launch" time="1.356"/>
  <system-out/>
  <testcase classname="Origin.AFMC.Login" name="launch" time="1.305"/>
  <system-out/>
</testsuite> <!-- Origin.AFMC.Login -->
