<?xml version="1.0" encoding="UTF-8"?>
<!-- Generated by org.testng.reporters.JUnitReportReporter -->
<testsuite hostname="DESKTOP-AGOQQT3" failures="0" tests="74" name="Origin.AFMC.Login" time="273.537" errors="0" timestamp="2024-06-21T14:35:52 IST" skipped="0">
  <testcase classname="Origin.AFMC.Login" name="launch" time="1.727"/>
  <system-out/>
  <testcase classname="Origin.AFMC.Login" name="launch" time="1.707"/>
  <system-out/>
  <testcase classname="Origin.AFMC.Login" name="launch" time="10.213"/>
  <system-out/>
  <testcase classname="Origin.AFMC.Login" name="launch" time="1.566"/>
  <system-out/>
  <testcase classname="Origin.AFMC.Login" name="launch" time="1.830"/>
  <system-out/>
  <testcase classname="Origin.AFMC.Login" name="launch" time="1.588"/>
  <system-out/>
  <testcase classname="Origin.AFMC.Login" name="launch" time="2.652"/>
  <system-out/>
  <testcase classname="Origin.AFMC.Login" name="launch" time="1.766"/>
  <system-out/>
  <testcase classname="Origin.AFMC.Login" name="launch" time="10.223"/>
  <system-out/>
  <testcase classname="Origin.AFMC.Login" name="launch" time="10.153"/>
  <system-out/>
  <testcase classname="Origin.AFMC.Login" name="launch" time="9.862"/>
  <system-out/>
  <testcase classname="Origin.AFMC.Login" name="launch" time="1.507"/>
  <system-out/>
  <testcase classname="Origin.AFMC.Login" name="launch" time="1.909"/>
  <system-out/>
  <testcase classname="Origin.AFMC.Login" name="launch" time="10.278"/>
  <system-out/>
  <testcase classname="Origin.AFMC.Login" name="launch" time="1.515"/>
  <system-out/>
  <testcase classname="Origin.AFMC.Login" name="launch" time="1.923"/>
  <system-out/>
  <testcase classname="Origin.AFMC.Login" name="launch" time="1.717"/>
  <system-out/>
  <testcase classname="Origin.AFMC.Login" name="launch" time="2.024"/>
  <system-out/>
  <testcase classname="Origin.AFMC.Login" name="launch" time="1.497"/>
  <system-out/>
  <testcase classname="Origin.AFMC.Login" name="launch" time="1.537"/>
  <system-out/>
  <testcase classname="Origin.AFMC.Login" name="launch" time="1.650"/>
  <system-out/>
  <testcase classname="Origin.AFMC.Login" name="launch" time="1.843"/>
  <system-out/>
  <testcase classname="Origin.AFMC.Login" name="launch" time="1.764"/>
  <system-out/>
  <testcase classname="Origin.AFMC.Login" name="launch" time="1.816"/>
  <system-out/>
  <testcase classname="Origin.AFMC.Login" name="launch" time="1.610"/>
  <system-out/>
  <testcase classname="Origin.AFMC.Login" name="launch" time="1.684"/>
  <system-out/>
  <testcase classname="Origin.AFMC.Login" name="launch" time="19.555"/>
  <system-out/>
  <testcase classname="Origin.AFMC.Login" name="launch" time="1.502"/>
  <system-out/>
  <testcase classname="Origin.AFMC.Login" name="launch" time="1.705"/>
  <system-out/>
  <testcase classname="Origin.AFMC.Login" name="launch" time="10.434"/>
  <system-out/>
  <testcase classname="Origin.AFMC.Login" name="launch" time="1.568"/>
  <system-out/>
  <testcase classname="Origin.AFMC.Login" name="launch" time="2.081"/>
  <system-out/>
  <testcase classname="Origin.AFMC.Login" name="launch" time="10.223"/>
  <system-out/>
  <testcase classname="Origin.AFMC.Login" name="launch" time="1.737"/>
  <system-out/>
  <testcase classname="Origin.AFMC.Login" name="launch" time="10.529"/>
  <system-out/>
  <testcase classname="Origin.AFMC.Login" name="launch" time="1.666"/>
  <system-out/>
  <testcase classname="Origin.AFMC.Login" name="launch" time="1.815"/>
  <system-out/>
  <testcase classname="Origin.AFMC.Login" name="launch" time="1.856"/>
  <system-out/>
  <testcase classname="Origin.AFMC.Login" name="launch" time="1.866"/>
  <system-out/>
  <testcase classname="Origin.AFMC.Login" name="launch" time="1.691"/>
  <system-out/>
  <testcase classname="Origin.AFMC.Login" name="launch" time="1.748"/>
  <system-out/>
  <testcase classname="Origin.AFMC.Login" name="launch" time="1.893"/>
  <system-out/>
  <testcase classname="Origin.AFMC.Login" name="launch" time="1.662"/>
  <system-out/>
  <testcase classname="Origin.AFMC.Login" name="launch" time="1.696"/>
  <system-out/>
  <testcase classname="Origin.AFMC.Login" name="launch" time="1.681"/>
  <system-out/>
  <testcase classname="Origin.AFMC.Login" name="launch" time="1.580"/>
  <system-out/>
  <testcase classname="Origin.AFMC.Login" name="launch" time="2.883"/>
  <system-out/>
  <testcase classname="Origin.AFMC.Login" name="launch" time="1.561"/>
  <system-out/>
  <testcase classname="Origin.AFMC.Login" name="launch" time="1.624"/>
  <system-out/>
  <testcase classname="Origin.AFMC.Login" name="launch" time="10.122"/>
  <system-out/>
  <testcase classname="Origin.AFMC.Login" name="launch" time="1.609"/>
  <system-out/>
  <testcase classname="Origin.AFMC.Login" name="launch" time="2.263"/>
  <system-out/>
  <testcase classname="Origin.AFMC.Login" name="launch" time="1.880"/>
  <system-out/>
  <testcase classname="Origin.AFMC.Login" name="launch" time="2.182"/>
  <system-out/>
  <testcase classname="Origin.AFMC.Login" name="launch" time="1.880"/>
  <system-out/>
  <testcase classname="Origin.AFMC.Login" name="launch" time="15.025"/>
  <system-out/>
  <testcase classname="Origin.AFMC.Login" name="launch" time="1.601"/>
  <system-out/>
  <testcase classname="Origin.AFMC.Login" name="launch" time="1.787"/>
  <system-out/>
  <testcase classname="Origin.AFMC.Login" name="launch" time="1.593"/>
  <system-out/>
  <testcase classname="Origin.AFMC.Login" name="launch" time="1.592"/>
  <system-out/>
  <testcase classname="Origin.AFMC.Login" name="launch" time="4.815"/>
  <system-out/>
  <testcase classname="Origin.AFMC.Login" name="launch" time="1.835"/>
  <system-out/>
  <testcase classname="Origin.AFMC.Login" name="launch" time="9.980"/>
  <system-out/>
  <testcase classname="Origin.AFMC.Login" name="launch" time="1.638"/>
  <system-out/>
  <testcase classname="Origin.AFMC.Login" name="launch" time="1.666"/>
  <system-out/>
  <testcase classname="Origin.AFMC.Login" name="launch" time="1.566"/>
  <system-out/>
  <testcase classname="Origin.AFMC.Login" name="launch" time="24.623"/>
  <system-out/>
  <testcase classname="Origin.AFMC.Login" name="launch" time="1.645"/>
  <system-out/>
  <testcase classname="Origin.AFMC.Login" name="launch" time="1.725"/>
  <system-out/>
  <testcase classname="Origin.AFMC.Login" name="launch" time="2.073"/>
  <system-out/>
  <testcase classname="Origin.AFMC.Login" name="launch" time="3.053"/>
  <system-out/>
  <testcase classname="Origin.AFMC.Login" name="launch" time="1.976"/>
  <system-out/>
  <testcase classname="Origin.AFMC.Login" name="launch" time="1.652"/>
  <system-out/>
  <testcase classname="Origin.AFMC.Login" name="launch" time="1.639"/>
  <system-out/>
</testsuite> <!-- Origin.AFMC.Login -->
