<?xml version="1.0" encoding="UTF-8"?>
<!-- Generated by org.testng.reporters.JUnitReportReporter -->
<testsuite hostname="DESKTOP-AGOQQT3" failures="0" tests="36" name="Origin.AFMC.Login" time="63.889" errors="0" timestamp="2024-05-20T12:40:56 IST" skipped="0">
  <testcase classname="Origin.AFMC.Login" name="launch" time="2.788"/>
  <system-out/>
  <testcase classname="Origin.AFMC.Login" name="launch" time="1.642"/>
  <system-out/>
  <testcase classname="Origin.AFMC.Login" name="launch" time="1.394"/>
  <system-out/>
  <testcase classname="Origin.AFMC.Login" name="launch" time="1.466"/>
  <system-out/>
  <testcase classname="Origin.AFMC.Login" name="launch" time="1.570"/>
  <system-out/>
  <testcase classname="Origin.AFMC.Login" name="launch" time="1.557"/>
  <system-out/>
  <testcase classname="Origin.AFMC.Login" name="launch" time="1.910"/>
  <system-out/>
  <testcase classname="Origin.AFMC.Login" name="launch" time="1.559"/>
  <system-out/>
  <testcase classname="Origin.AFMC.Login" name="launch" time="1.608"/>
  <system-out/>
  <testcase classname="Origin.AFMC.Login" name="launch" time="1.522"/>
  <system-out/>
  <testcase classname="Origin.AFMC.Login" name="launch" time="1.553"/>
  <system-out/>
  <testcase classname="Origin.AFMC.Login" name="launch" time="1.883"/>
  <system-out/>
  <testcase classname="Origin.AFMC.Login" name="launch" time="1.742"/>
  <system-out/>
  <testcase classname="Origin.AFMC.Login" name="launch" time="1.574"/>
  <system-out/>
  <testcase classname="Origin.AFMC.Login" name="launch" time="1.695"/>
  <system-out/>
  <testcase classname="Origin.AFMC.Login" name="launch" time="1.479"/>
  <system-out/>
  <testcase classname="Origin.AFMC.Login" name="launch" time="1.984"/>
  <system-out/>
  <testcase classname="Origin.AFMC.Login" name="launch" time="1.551"/>
  <system-out/>
  <testcase classname="Origin.AFMC.Login" name="launch" time="1.610"/>
  <system-out/>
  <testcase classname="Origin.AFMC.Login" name="launch" time="1.676"/>
  <system-out/>
  <testcase classname="Origin.AFMC.Login" name="launch" time="1.653"/>
  <system-out/>
  <testcase classname="Origin.AFMC.Login" name="launch" time="4.109"/>
  <system-out/>
  <testcase classname="Origin.AFMC.Login" name="launch" time="1.830"/>
  <system-out/>
  <testcase classname="Origin.AFMC.Login" name="launch" time="1.487"/>
  <system-out/>
  <testcase classname="Origin.AFMC.Login" name="launch" time="1.654"/>
  <system-out/>
  <testcase classname="Origin.AFMC.Login" name="launch" time="1.646"/>
  <system-out/>
  <testcase classname="Origin.AFMC.Login" name="launch" time="1.630"/>
  <system-out/>
  <testcase classname="Origin.AFMC.Login" name="launch" time="3.692"/>
  <system-out/>
  <testcase classname="Origin.AFMC.Login" name="launch" time="1.473"/>
  <system-out/>
  <testcase classname="Origin.AFMC.Login" name="launch" time="1.439"/>
  <system-out/>
  <testcase classname="Origin.AFMC.Login" name="launch" time="1.461"/>
  <system-out/>
  <testcase classname="Origin.AFMC.Login" name="launch" time="1.843"/>
  <system-out/>
  <testcase classname="Origin.AFMC.Login" name="launch" time="1.547"/>
  <system-out/>
  <testcase classname="Origin.AFMC.Login" name="launch" time="1.504"/>
  <system-out/>
  <testcase classname="Origin.AFMC.Login" name="launch" time="1.621"/>
  <system-out/>
  <testcase classname="Origin.AFMC.Login" name="launch" time="1.537"/>
  <system-out/>
</testsuite> <!-- Origin.AFMC.Login -->
