<?xml version="1.0" encoding="UTF-8"?>
<!-- Generated by org.testng.reporters.JUnitReportReporter -->
<testsuite hostname="DESKTOP-AGOQQT3" failures="0" tests="16" name="Origin.AFMC.Login" time="28.534" errors="0" timestamp="2024-04-25T15:03:48 IST" skipped="0">
  <testcase classname="Origin.AFMC.Login" name="launch" time="1.685"/>
  <system-out/>
  <testcase classname="Origin.AFMC.Login" name="launch" time="1.685"/>
  <system-out/>
  <testcase classname="Origin.AFMC.Login" name="launch" time="1.687"/>
  <system-out/>
  <testcase classname="Origin.AFMC.Login" name="launch" time="1.717"/>
  <system-out/>
  <testcase classname="Origin.AFMC.Login" name="launch" time="1.679"/>
  <system-out/>
  <testcase classname="Origin.AFMC.Login" name="launch" time="1.931"/>
  <system-out/>
  <testcase classname="Origin.AFMC.Login" name="launch" time="1.702"/>
  <system-out/>
  <testcase classname="Origin.AFMC.Login" name="launch" time="1.706"/>
  <system-out/>
  <testcase classname="Origin.AFMC.Login" name="launch" time="1.772"/>
  <system-out/>
  <testcase classname="Origin.AFMC.Login" name="launch" time="2.534"/>
  <system-out/>
  <testcase classname="Origin.AFMC.Login" name="launch" time="1.842"/>
  <system-out/>
  <testcase classname="Origin.AFMC.Login" name="launch" time="1.736"/>
  <system-out/>
  <testcase classname="Origin.AFMC.Login" name="launch" time="1.637"/>
  <system-out/>
  <testcase classname="Origin.AFMC.Login" name="launch" time="1.679"/>
  <system-out/>
  <testcase classname="Origin.AFMC.Login" name="launch" time="1.826"/>
  <system-out/>
  <testcase classname="Origin.AFMC.Login" name="launch" time="1.716"/>
  <system-out/>
</testsuite> <!-- Origin.AFMC.Login -->
